<?xml version="1.0" encoding="UTF-8"?>
<!-- Generated by org.testng.reporters.JUnitXMLReporter -->
<testsuite hostname="LAPTOP-MCMMF3G2" ignored="0" name="Test" tests="3" failures="1" timestamp="2020-05-02T13:05:35 IST" time="13.539" errors="0">
  <testcase name="setup" time="9.481" classname="practiceBasics.LaunchGoogle"/>
  <testcase name="launch" time="9.97" classname="practiceBasics.CheckboxSelection">
    <failure type="java.lang.IndexOutOfBoundsException" message="Index: 3, Size: 3">
      <![CDATA[java.lang.IndexOutOfBoundsException: Index: 3, Size: 3
at java.util.ArrayList.rangeCheck(ArrayList.java:657)
at java.util.ArrayList.get(ArrayList.java:433)
at practiceBasics.CheckboxSelection.launch(CheckboxSelection.java:29)
at java.util.concurrent.ThreadPoolExecutor.runWorker(ThreadPoolExecutor.java:1149)
at java.util.concurrent.ThreadPoolExecutor$Worker.run(ThreadPoolExecutor.java:624)
at java.lang.Thread.run(Thread.java:748)
... Removed 12 stack frames]]>
    </failure>
  </testcase> <!-- launch -->
  <testcase name="mousemovement" time="2.247" classname="practiceBasics.MouseMovementEx1"/>
</testsuite> <!-- Test -->
