<?xml version="1.0" encoding="UTF-8"?>
<testng-results skipped="0" failed="1" ignored="0" total="3" passed="2">
  <reporter-output>
  </reporter-output>
  <suite name="Suite" duration-ms="13539" started-at="2020-05-02T13:05:21 IST" finished-at="2020-05-02T13:05:35 IST">
    <groups>
    </groups>
    <test name="Test" duration-ms="13539" started-at="2020-05-02T13:05:21 IST" finished-at="2020-05-02T13:05:35 IST">
      <class name="practiceBasics.LaunchGoogle">
        <test-method status="PASS" signature="setup()[pri:0, instance:practiceBasics.LaunchGoogle@59f99ea]" name="setup" duration-ms="9481" started-at="2020-05-02T13:05:21 IST" finished-at="2020-05-02T13:05:31 IST">
          <reporter-output>
          </reporter-output>
        </test-method> <!-- setup -->
      </class> <!-- practiceBasics.LaunchGoogle -->
      <class name="practiceBasics.MouseMovementEx1">
        <test-method status="PASS" signature="launch()[pri:0, instance:practiceBasics.MouseMovementEx1@27efef64]" name="launch" is-config="true" duration-ms="11246" started-at="2020-05-02T13:05:21 IST" finished-at="2020-05-02T13:05:32 IST">
          <reporter-output>
          </reporter-output>
        </test-method> <!-- launch -->
        <test-method status="PASS" signature="mousemovement()[pri:0, instance:practiceBasics.MouseMovementEx1@27efef64]" name="mousemovement" duration-ms="2247" started-at="2020-05-02T13:05:32 IST" finished-at="2020-05-02T13:05:35 IST">
          <reporter-output>
          </reporter-output>
        </test-method> <!-- mousemovement -->
      </class> <!-- practiceBasics.MouseMovementEx1 -->
      <class name="practiceBasics.CheckboxSelection">
        <test-method status="FAIL" signature="launch()[pri:0, instance:practiceBasics.CheckboxSelection@6f7fd0e6]" name="launch" duration-ms="9970" started-at="2020-05-02T13:05:21 IST" finished-at="2020-05-02T13:05:31 IST">
          <exception class="java.lang.IndexOutOfBoundsException">
            <message>
              <![CDATA[Index: 3, Size: 3]]>
            </message>
            <full-stacktrace>
              <![CDATA[java.lang.IndexOutOfBoundsException: Index: 3, Size: 3
at java.util.ArrayList.rangeCheck(ArrayList.java:657)
at java.util.ArrayList.get(ArrayList.java:433)
at practiceBasics.CheckboxSelection.launch(CheckboxSelection.java:29)
at sun.reflect.NativeMethodAccessorImpl.invoke0(Native Method)
at sun.reflect.NativeMethodAccessorImpl.invoke(NativeMethodAccessorImpl.java:62)
at sun.reflect.DelegatingMethodAccessorImpl.invoke(DelegatingMethodAccessorImpl.java:43)
at java.lang.reflect.Method.invoke(Method.java:498)
at org.testng.internal.MethodInvocationHelper.invokeMethod(MethodInvocationHelper.java:133)
at org.testng.internal.TestInvoker.invokeMethod(TestInvoker.java:584)
at org.testng.internal.TestInvoker.invokeTestMethod(TestInvoker.java:172)
at org.testng.internal.MethodRunner.runInSequence(MethodRunner.java:46)
at org.testng.internal.TestInvoker$MethodInvocationAgent.invoke(TestInvoker.java:804)
at org.testng.internal.TestInvoker.invokeTestMethods(TestInvoker.java:145)
at org.testng.internal.TestMethodWorker.invokeTestMethods(TestMethodWorker.java:146)
at org.testng.internal.TestMethodWorker.run(TestMethodWorker.java:128)
at java.util.concurrent.ThreadPoolExecutor.runWorker(ThreadPoolExecutor.java:1149)
at java.util.concurrent.ThreadPoolExecutor$Worker.run(ThreadPoolExecutor.java:624)
at java.lang.Thread.run(Thread.java:748)
]]>
            </full-stacktrace>
          </exception> <!-- java.lang.IndexOutOfBoundsException -->
          <reporter-output>
          </reporter-output>
        </test-method> <!-- launch -->
      </class> <!-- practiceBasics.CheckboxSelection -->
    </test> <!-- Test -->
  </suite> <!-- Suite -->
</testng-results>
