<?xml version="1.0" encoding="UTF-8"?>
<testsuite xmlns:xsi="http://www.w3.org/2001/XMLSchema-instance" xsi:schemaLocation="https://maven.apache.org/surefire/maven-surefire-plugin/xsd/surefire-test-report.xsd" name="TestSuite" time="14.662" tests="3" errors="0" skipped="0" failures="1">
  <properties>
[...]
</properties>
  <testcase name="setup" classname="practiceBasics.LaunchGoogle" time="9.482"/>
  <testcase name="launch" classname="practiceBasics.CheckboxSelection" time="9.98">
    <failure message="Index: 3, Size: 3" type="java.lang.IndexOutOfBoundsException">java.lang.IndexOutOfBoundsException: Index: 3, Size: 3
	at practiceBasics.CheckboxSelection.launch(CheckboxSelection.java:29)
</failure>
    <system-err><![CDATA[[1588404931.056][SEVERE]: Timed out receiving message from renderer: 0.100
[1588404931.159][SEVERE]: Timed out receiving message from renderer: 0.100
[1588404931.264][SEVERE]: Timed out receiving message from renderer: 0.100
[1588404931.368][SEVERE]: Timed out receiving message from renderer: 0.100
[1588404931.470][SEVERE]: Timed out receiving message from renderer: 0.100
]]></system-err>
  </testcase>
  <testcase name="mousemovement" classname="practiceBasics.MouseMovementEx1" time="2.248"/>
</testsuite>