-------------------------------------------------------------------------------
Test set: TestSuite
-------------------------------------------------------------------------------
Tests run: 3, Failures: 1, Errors: 0, Skipped: 0, Time elapsed: 14.662 sec <<< FAILURE! - in TestSuite
launch(practiceBasics.CheckboxSelection)  Time elapsed: 9.98 sec  <<< FAILURE!
java.lang.IndexOutOfBoundsException: Index: 3, Size: 3
	at practiceBasics.CheckboxSelection.launch(CheckboxSelection.java:29)

